<?xml version="1.0" encoding="UTF-8"?>
<testsuite xmlns:xsi="http://www.w3.org/2001/XMLSchema-instance" xsi:noNamespaceSchemaLocation="https://maven.apache.org/surefire/maven-failsafe-plugin/xsd/failsafe-test-report-3.0.xsd" version="3.0" name="HelloTestIT" time="0.065" tests="1" errors="0" skipped="0" failures="0">
  <properties>
    <property name="gopherProxySet" value="false"/>
    <property name="awt.toolkit" value="sun.lwawt.macosx.LWCToolkit"/>
    <property name="file.encoding.pkg" value="sun.io"/>
    <property name="java.specification.version" value="1.8"/>
    <property name="sun.cpu.isalist" value=""/>
    <property name="sun.jnu.encoding" value="UTF-8"/>
    <property name="java.class.path" value="/Users/e904166/myworkspace/myfirstproject/target/test-classes:/Users/e904166/myworkspace/myfirstproject/target/MyFirstProject-2.0.jar:/Users/e904166/.m2/repository/org/apache/commons/commons-lang3/3.8.1/commons-lang3-3.8.1.jar:/Users/e904166/.m2/repository/junit/junit/4.13.1/junit-4.13.1.jar:/Users/e904166/.m2/repository/org/hamcrest/hamcrest-core/1.3/hamcrest-core-1.3.jar:/Users/e904166/.m2/repository/org/testng/testng/7.3.0/testng-7.3.0.jar:/Users/e904166/.m2/repository/com/beust/jcommander/1.78/jcommander-1.78.jar:/Users/e904166/.m2/repository/org/apache/ant/ant/1.10.3/ant-1.10.3.jar:/Users/e904166/.m2/repository/org/apache/ant/ant-launcher/1.10.3/ant-launcher-1.10.3.jar:/Users/e904166/.m2/repository/com/google/inject/guice/4.2.2/guice-4.2.2-no_aop.jar:/Users/e904166/.m2/repository/javax/inject/javax.inject/1/javax.inject-1.jar:/Users/e904166/.m2/repository/aopalliance/aopalliance/1.0/aopalliance-1.0.jar:/Users/e904166/.m2/repository/com/google/guava/guava/25.1-android/guava-25.1-android.jar:/Users/e904166/.m2/repository/com/google/code/findbugs/jsr305/3.0.2/jsr305-3.0.2.jar:/Users/e904166/.m2/repository/org/checkerframework/checker-compat-qual/2.0.0/checker-compat-qual-2.0.0.jar:/Users/e904166/.m2/repository/com/google/errorprone/error_prone_annotations/2.1.3/error_prone_annotations-2.1.3.jar:/Users/e904166/.m2/repository/com/google/j2objc/j2objc-annotations/1.1/j2objc-annotations-1.1.jar:/Users/e904166/.m2/repository/org/codehaus/mojo/animal-sniffer-annotations/1.14/animal-sniffer-annotations-1.14.jar:/Users/e904166/.m2/repository/org/yaml/snakeyaml/1.21/snakeyaml-1.21.jar:/Users/e904166/.m2/repository/org/junit/jupiter/junit-jupiter-api/5.0.0-M5/junit-jupiter-api-5.0.0-M5.jar:/Users/e904166/.m2/repository/org/opentest4j/opentest4j/1.0.0-M2/opentest4j-1.0.0-M2.jar:/Users/e904166/.m2/repository/org/junit/platform/junit-platform-commons/1.0.0-M5/junit-platform-commons-1.0.0-M5.jar:/Users/e904166/.m2/repository/com/h2database/h2/1.4.200/h2-1.4.200.jar:"/>
    <property name="java.vm.vendor" value="OpenLogic-OpenJDK"/>
    <property name="sun.arch.data.model" value="64"/>
    <property name="java.vendor.url" value="http://java.oracle.com/"/>
    <property name="user.timezone" value=""/>
    <property name="java.vm.specification.version" value="1.8"/>
    <property name="os.name" value="Mac OS X"/>
    <property name="user.country" value="FI"/>
    <property name="sun.java.launcher" value="SUN_STANDARD"/>
    <property name="sun.boot.library.path" value="/Users/e904166/myworkspace/jdk1.8.0_272.jdk/Contents/Home/jre/lib"/>
    <property name="sun.java.command" value="/Users/e904166/myworkspace/myfirstproject/target/surefire/surefirebooter3459889567778071893.jar /Users/e904166/myworkspace/myfirstproject/target/surefire 2021-01-07T14-21-13_125-jvmRun1 surefire9142467801280645996tmp surefire_0213475268402639622tmp"/>
    <property name="surefire.test.class.path" value="/Users/e904166/myworkspace/myfirstproject/target/test-classes:/Users/e904166/myworkspace/myfirstproject/target/MyFirstProject-2.0.jar:/Users/e904166/.m2/repository/org/apache/commons/commons-lang3/3.8.1/commons-lang3-3.8.1.jar:/Users/e904166/.m2/repository/junit/junit/4.13.1/junit-4.13.1.jar:/Users/e904166/.m2/repository/org/hamcrest/hamcrest-core/1.3/hamcrest-core-1.3.jar:/Users/e904166/.m2/repository/org/testng/testng/7.3.0/testng-7.3.0.jar:/Users/e904166/.m2/repository/com/beust/jcommander/1.78/jcommander-1.78.jar:/Users/e904166/.m2/repository/org/apache/ant/ant/1.10.3/ant-1.10.3.jar:/Users/e904166/.m2/repository/org/apache/ant/ant-launcher/1.10.3/ant-launcher-1.10.3.jar:/Users/e904166/.m2/repository/com/google/inject/guice/4.2.2/guice-4.2.2-no_aop.jar:/Users/e904166/.m2/repository/javax/inject/javax.inject/1/javax.inject-1.jar:/Users/e904166/.m2/repository/aopalliance/aopalliance/1.0/aopalliance-1.0.jar:/Users/e904166/.m2/repository/com/google/guava/guava/25.1-android/guava-25.1-android.jar:/Users/e904166/.m2/repository/com/google/code/findbugs/jsr305/3.0.2/jsr305-3.0.2.jar:/Users/e904166/.m2/repository/org/checkerframework/checker-compat-qual/2.0.0/checker-compat-qual-2.0.0.jar:/Users/e904166/.m2/repository/com/google/errorprone/error_prone_annotations/2.1.3/error_prone_annotations-2.1.3.jar:/Users/e904166/.m2/repository/com/google/j2objc/j2objc-annotations/1.1/j2objc-annotations-1.1.jar:/Users/e904166/.m2/repository/org/codehaus/mojo/animal-sniffer-annotations/1.14/animal-sniffer-annotations-1.14.jar:/Users/e904166/.m2/repository/org/yaml/snakeyaml/1.21/snakeyaml-1.21.jar:/Users/e904166/.m2/repository/org/junit/jupiter/junit-jupiter-api/5.0.0-M5/junit-jupiter-api-5.0.0-M5.jar:/Users/e904166/.m2/repository/org/opentest4j/opentest4j/1.0.0-M2/opentest4j-1.0.0-M2.jar:/Users/e904166/.m2/repository/org/junit/platform/junit-platform-commons/1.0.0-M5/junit-platform-commons-1.0.0-M5.jar:/Users/e904166/.m2/repository/com/h2database/h2/1.4.200/h2-1.4.200.jar:"/>
    <property name="sun.cpu.endian" value="little"/>
    <property name="user.home" value="/Users/e904166"/>
    <property name="user.language" value="en"/>
    <property name="java.specification.vendor" value="Oracle Corporation"/>
    <property name="java.home" value="/Users/e904166/myworkspace/jdk1.8.0_272.jdk/Contents/Home/jre"/>
    <property name="basedir" value="/Users/e904166/myworkspace/myfirstproject"/>
    <property name="file.separator" value="/"/>
    <property name="line.separator" value="&#10;"/>
    <property name="java.vm.specification.vendor" value="Oracle Corporation"/>
    <property name="java.specification.name" value="Java Platform API Specification"/>
    <property name="java.awt.graphicsenv" value="sun.awt.CGraphicsEnvironment"/>
    <property name="surefire.real.class.path" value="/Users/e904166/myworkspace/myfirstproject/target/surefire/surefirebooter3459889567778071893.jar"/>
    <property name="sun.boot.class.path" value="/Users/e904166/myworkspace/jdk1.8.0_272.jdk/Contents/Home/jre/lib/resources.jar:/Users/e904166/myworkspace/jdk1.8.0_272.jdk/Contents/Home/jre/lib/rt.jar:/Users/e904166/myworkspace/jdk1.8.0_272.jdk/Contents/Home/jre/lib/sunrsasign.jar:/Users/e904166/myworkspace/jdk1.8.0_272.jdk/Contents/Home/jre/lib/jsse.jar:/Users/e904166/myworkspace/jdk1.8.0_272.jdk/Contents/Home/jre/lib/jce.jar:/Users/e904166/myworkspace/jdk1.8.0_272.jdk/Contents/Home/jre/lib/charsets.jar:/Users/e904166/myworkspace/jdk1.8.0_272.jdk/Contents/Home/jre/lib/jfr.jar:/Users/e904166/myworkspace/jdk1.8.0_272.jdk/Contents/Home/jre/classes"/>
    <property name="sun.management.compiler" value="HotSpot 64-Bit Tiered Compilers"/>
    <property name="java.runtime.version" value="1.8.0_272-internal-b10"/>
    <property name="user.name" value="e904166"/>
    <property name="path.separator" value=":"/>
    <property name="os.version" value="10.15.7"/>
    <property name="java.endorsed.dirs" value="/Users/e904166/myworkspace/jdk1.8.0_272.jdk/Contents/Home/jre/lib/endorsed"/>
    <property name="java.runtime.name" value="OpenJDK Runtime Environment"/>
    <property name="file.encoding" value="UTF-8"/>
    <property name="java.vm.name" value="OpenJDK 64-Bit Server VM"/>
    <property name="localRepository" value="/Users/e904166/.m2/repository"/>
    <property name="java.vendor.url.bug" value="http://bugreport.sun.com/bugreport/"/>
    <property name="java.io.tmpdir" value="/var/folders/z_/wfz_td0x1q15x37wpc0cgd25xbjvxb/T/"/>
    <property name="java.version" value="1.8.0_272-internal"/>
    <property name="user.dir" value="/Users/e904166/myworkspace/myfirstproject"/>
    <property name="os.arch" value="x86_64"/>
    <property name="java.vm.specification.name" value="Java Virtual Machine Specification"/>
    <property name="java.awt.printerjob" value="sun.lwawt.macosx.CPrinterJob"/>
    <property name="sun.os.patch.level" value="unknown"/>
    <property name="java.library.path" value="/Users/e904166/Library/Java/Extensions:/Library/Java/Extensions:/Network/Library/Java/Extensions:/System/Library/Java/Extensions:/usr/lib/java:."/>
    <property name="java.vm.info" value="mixed mode"/>
    <property name="java.vendor" value="OpenLogic-OpenJDK"/>
    <property name="java.vm.version" value="25.272-b10"/>
    <property name="java.ext.dirs" value="/Users/e904166/Library/Java/Extensions:/Users/e904166/myworkspace/jdk1.8.0_272.jdk/Contents/Home/jre/lib/ext:/Library/Java/Extensions:/Network/Library/Java/Extensions:/System/Library/Java/Extensions:/usr/lib/java"/>
    <property name="sun.io.unicode.encoding" value="UnicodeBig"/>
    <property name="maven.repo.local" value="/Users/e904166/.m2/repository"/>
    <property name="java.class.version" value="52.0"/>
  </properties>
  <testcase name="sayHello1" classname="HelloTestIT" time="0.028">
    <system-out><![CDATA[IT test
]]></system-out>
  </testcase>
</testsuite>